# JRE version: OpenJDK Runtime Environment Microsoft-8035246 (17.0.8+7) (build 17.0.8+7-LTS)
# Java VM: OpenJDK 64-Bit Server VM Microsoft-8035246 (17.0.8+7-LTS, mixed mode, sharing, tiered, compressed oops, compressed class ptrs, g1 gc, windows-amd64)
GC Precious Log:
 CPUs: 4 total, 4 available
 Memory: 7862M
 Large Page Support: Disabled
 NUMA Support: Disabled
 Compressed Oops: Enabled (32-bit)
 Heap Region Size: 1M
 Heap Min Capacity: 8M
 Heap Initial Capacity: 124M
 Heap Max Capacity: 2G
 Pre-touch: Disabled
 Parallel Workers: 4
 Concurrent Workers: 1
 Concurrent Refinement Workers: 4
 Periodic GC: Disabled
Heap:
 garbage-first heap   total 216064K, used 180212K [0x0000000080000000, 0x0000000100000000)
  region size 1024K, 5 young (5120K), 2 survivors (2048K)
 Metaspace       used 104750K, committed 106176K, reserved 557056K
  class space    used 14580K, committed 15232K, reserved 425984K
GC Heap History (20 events):
Event: 56.694 GC heap before
{Heap before GC invocations=43 (full 0):
 garbage-first heap   total 216064K, used 177447K [0x0000000080000000, 0x0000000100000000)
  region size 1024K, 46 young (47104K), 6 survivors (6144K)
 Metaspace       used 101042K, committed 102080K, reserved 557056K
  class space    used 14154K, committed 14656K, reserved 425984K
}
Event: 56.704 GC heap after
{Heap after GC invocations=44 (full 0):
 garbage-first heap   total 216064K, used 138632K [0x0000000080000000, 0x0000000100000000)
  region size 1024K, 4 young (4096K), 4 survivors (4096K)
 Metaspace       used 101042K, committed 102080K, reserved 557056K
  class space    used 14154K, committed 14656K, reserved 425984K
}
Event: 57.274 GC heap before
{Heap before GC invocations=44 (full 0):
 garbage-first heap   total 216064K, used 178568K [0x0000000080000000, 0x0000000100000000)
  region size 1024K, 44 young (45056K), 4 survivors (4096K)
 Metaspace       used 101042K, committed 102080K, reserved 557056K
  class space    used 14154K, committed 14656K, reserved 425984K
}
Event: 57.282 GC heap after
{Heap after GC invocations=45 (full 0):
 garbage-first heap   total 216064K, used 139974K [0x0000000080000000, 0x0000000100000000)
  region size 1024K, 4 young (4096K), 4 survivors (4096K)
 Metaspace       used 101042K, committed 102080K, reserved 557056K
  class space    used 14154K, committed 14656K, reserved 425984K
}
Event: 58.996 GC heap before
{Heap before GC invocations=45 (full 0):
 garbage-first heap   total 216064K, used 181958K [0x0000000080000000, 0x0000000100000000)
  region size 1024K, 43 young (44032K), 4 survivors (4096K)
 Metaspace       used 101464K, committed 102528K, reserved 557056K
  class space    used 14195K, committed 14720K, reserved 425984K
}
Event: 59.017 GC heap after
{Heap after GC invocations=46 (full 0):
 garbage-first heap   total 216064K, used 152251K [0x0000000080000000, 0x0000000100000000)
  region size 1024K, 6 young (6144K), 6 survivors (6144K)
 Metaspace       used 101464K, committed 102528K, reserved 557056K
  class space    used 14195K, committed 14720K, reserved 425984K
}
Event: 62.398 GC heap before
{Heap before GC invocations=46 (full 0):
 garbage-first heap   total 216064K, used 176827K [0x0000000080000000, 0x0000000100000000)
  region size 1024K, 31 young (31744K), 6 survivors (6144K)
 Metaspace       used 103116K, committed 104320K, reserved 557056K
  class space    used 14365K, committed 14912K, reserved 425984K
}
Event: 62.416 GC heap after
{Heap after GC invocations=47 (full 0):
 garbage-first heap   total 216064K, used 159487K [0x0000000080000000, 0x0000000100000000)
  region size 1024K, 4 young (4096K), 4 survivors (4096K)
 Metaspace       used 103116K, committed 104320K, reserved 557056K
  class space    used 14365K, committed 14912K, reserved 425984K
}
Event: 63.565 GC heap before
{Heap before GC invocations=47 (full 0):
 garbage-first heap   total 216064K, used 179967K [0x0000000080000000, 0x0000000100000000)
  region size 1024K, 24 young (24576K), 4 survivors (4096K)
 Metaspace       used 103989K, committed 105280K, reserved 557056K
  class space    used 14499K, committed 15104K, reserved 425984K
}
Event: 63.581 GC heap after
{Heap after GC invocations=48 (full 0):
 garbage-first heap   total 216064K, used 162971K [0x0000000080000000, 0x0000000100000000)
  region size 1024K, 3 young (3072K), 3 survivors (3072K)
 Metaspace       used 103989K, committed 105280K, reserved 557056K
  class space    used 14499K, committed 15104K, reserved 425984K
}
Event: 65.193 GC heap before
{Heap before GC invocations=48 (full 0):
 garbage-first heap   total 216064K, used 181403K [0x0000000080000000, 0x0000000100000000)
  region size 1024K, 21 young (21504K), 3 survivors (3072K)
 Metaspace       used 104394K, committed 105728K, reserved 557056K
  class space    used 14546K, committed 15168K, reserved 425984K
}
Event: 65.208 GC heap after
{Heap after GC invocations=49 (full 0):
 garbage-first heap   total 216064K, used 168808K [0x0000000080000000, 0x0000000100000000)
  region size 1024K, 3 young (3072K), 3 survivors (3072K)
 Metaspace       used 104394K, committed 105728K, reserved 557056K
  class space    used 14546K, committed 15168K, reserved 425984K
}
Event: 66.874 GC heap before
{Heap before GC invocations=49 (full 0):
 garbage-first heap   total 216064K, used 182120K [0x0000000080000000, 0x0000000100000000)
  region size 1024K, 17 young (17408K), 3 survivors (3072K)
 Metaspace       used 104746K, committed 106176K, reserved 557056K
  class space    used 14580K, committed 15232K, reserved 425984K
}
Event: 66.890 GC heap after
{Heap after GC invocations=50 (full 0):
 garbage-first heap   total 216064K, used 172904K [0x0000000080000000, 0x0000000100000000)
  region size 1024K, 3 young (3072K), 3 survivors (3072K)
 Metaspace       used 104746K, committed 106176K, reserved 557056K
  class space    used 14580K, committed 15232K, reserved 425984K
}
Event: 67.146 GC heap before
{Heap before GC invocations=50 (full 0):
 garbage-first heap   total 216064K, used 183144K [0x0000000080000000, 0x0000000100000000)
  region size 1024K, 14 young (14336K), 3 survivors (3072K)
 Metaspace       used 104749K, committed 106176K, reserved 557056K
  class space    used 14580K, committed 15232K, reserved 425984K
}
Event: 67.157 GC heap after
{Heap after GC invocations=51 (full 0):
 garbage-first heap   total 216064K, used 175556K [0x0000000080000000, 0x0000000100000000)
  region size 1024K, 2 young (2048K), 2 survivors (2048K)
 Metaspace       used 104749K, committed 106176K, reserved 557056K
  class space    used 14580K, committed 15232K, reserved 425984K
}
Event: 67.602 GC heap before
{Heap before GC invocations=51 (full 0):
 garbage-first heap   total 216064K, used 183748K [0x0000000080000000, 0x0000000100000000)
  region size 1024K, 11 young (11264K), 2 survivors (2048K)
 Metaspace       used 104750K, committed 106176K, reserved 557056K
  class space    used 14580K, committed 15232K, reserved 425984K
}
Event: 67.608 GC heap after
{Heap after GC invocations=52 (full 0):
 garbage-first heap   total 216064K, used 176491K [0x0000000080000000, 0x0000000100000000)
  region size 1024K, 2 young (2048K), 2 survivors (2048K)
 Metaspace       used 104750K, committed 106176K, reserved 557056K
  class space    used 14580K, committed 15232K, reserved 425984K
}
Event: 67.762 GC heap before
{Heap before GC invocations=52 (full 0):
 garbage-first heap   total 216064K, used 184683K [0x0000000080000000, 0x0000000100000000)
  region size 1024K, 11 young (11264K), 2 survivors (2048K)
 Metaspace       used 104750K, committed 106176K, reserved 557056K
  class space    used 14580K, committed 15232K, reserved 425984K
}
Event: 67.767 GC heap after
{Heap after GC invocations=53 (full 0):
 garbage-first heap   total 216064K, used 177066K [0x0000000080000000, 0x0000000100000000)
  region size 1024K, 2 young (2048K), 2 survivors (2048K)
 Metaspace       used 104750K, committed 106176K, reserved 557056K
  class space    used 14580K, committed 15232K, reserved 425984K
}

