# JRE version: OpenJDK Runtime Environment Microsoft-8035246 (17.0.8+7) (build 17.0.8+7-LTS)
# Java VM: OpenJDK 64-Bit Server VM Microsoft-8035246 (17.0.8+7-LTS, mixed mode, sharing, tiered, compressed oops, compressed class ptrs, g1 gc, windows-amd64)
GC Precious Log:
 CPUs: 4 total, 4 available
 Memory: 7862M
 Large Page Support: Disabled
 NUMA Support: Disabled
 Compressed Oops: Enabled (32-bit)
 Heap Region Size: 1M
 Heap Min Capacity: 8M
 Heap Initial Capacity: 124M
 Heap Max Capacity: 2G
 Pre-touch: Disabled
 Parallel Workers: 4
 Concurrent Workers: 1
 Concurrent Refinement Workers: 4
 Periodic GC: Disabled
Heap:
 garbage-first heap   total 178176K, used 141814K [0x0000000080000000, 0x0000000100000000)
  region size 1024K, 57 young (58368K), 4 survivors (4096K)
 Metaspace       used 71501K, committed 72384K, reserved 491520K
  class space    used 10092K, committed 10496K, reserved 425984K
GC Heap History (20 events):
Event: 19.056 GC heap before
{Heap before GC invocations=17 (full 0):
 garbage-first heap   total 89088K, used 72224K [0x0000000080000000, 0x0000000100000000)
  region size 1024K, 37 young (37888K), 4 survivors (4096K)
 Metaspace       used 52012K, committed 52672K, reserved 491520K
  class space    used 7360K, committed 7680K, reserved 425984K
}
Event: 19.067 GC heap after
{Heap after GC invocations=18 (full 0):
 garbage-first heap   total 89088K, used 40917K [0x0000000080000000, 0x0000000100000000)
  region size 1024K, 4 young (4096K), 4 survivors (4096K)
 Metaspace       used 52012K, committed 52672K, reserved 491520K
  class space    used 7360K, committed 7680K, reserved 425984K
}
Event: 20.099 GC heap before
{Heap before GC invocations=18 (full 0):
 garbage-first heap   total 89088K, used 71637K [0x0000000080000000, 0x0000000100000000)
  region size 1024K, 35 young (35840K), 4 survivors (4096K)
 Metaspace       used 52651K, committed 53248K, reserved 491520K
  class space    used 7412K, committed 7680K, reserved 425984K
}
Event: 20.112 GC heap after
{Heap after GC invocations=19 (full 0):
 garbage-first heap   total 178176K, used 44129K [0x0000000080000000, 0x0000000100000000)
  region size 1024K, 5 young (5120K), 5 survivors (5120K)
 Metaspace       used 52651K, committed 53248K, reserved 491520K
  class space    used 7412K, committed 7680K, reserved 425984K
}
Event: 22.709 GC heap before
{Heap before GC invocations=19 (full 0):
 garbage-first heap   total 178176K, used 139361K [0x0000000080000000, 0x0000000100000000)
  region size 1024K, 86 young (88064K), 5 survivors (5120K)
 Metaspace       used 59963K, committed 60608K, reserved 491520K
  class space    used 8495K, committed 8768K, reserved 425984K
}
Event: 22.730 GC heap after
{Heap after GC invocations=20 (full 0):
 garbage-first heap   total 178176K, used 62561K [0x0000000080000000, 0x0000000100000000)
  region size 1024K, 11 young (11264K), 11 survivors (11264K)
 Metaspace       used 59963K, committed 60608K, reserved 491520K
  class space    used 8495K, committed 8768K, reserved 425984K
}
Event: 24.432 GC heap before
{Heap before GC invocations=20 (full 0):
 garbage-first heap   total 178176K, used 134241K [0x0000000080000000, 0x0000000100000000)
  region size 1024K, 81 young (82944K), 11 survivors (11264K)
 Metaspace       used 63501K, committed 64192K, reserved 491520K
  class space    used 8988K, committed 9280K, reserved 425984K
}
Event: 24.455 GC heap after
{Heap after GC invocations=21 (full 0):
 garbage-first heap   total 178176K, used 66370K [0x0000000080000000, 0x0000000100000000)
  region size 1024K, 11 young (11264K), 11 survivors (11264K)
 Metaspace       used 63501K, committed 64192K, reserved 491520K
  class space    used 8988K, committed 9280K, reserved 425984K
}
Event: 27.627 GC heap before
{Heap before GC invocations=21 (full 0):
 garbage-first heap   total 178176K, used 137026K [0x0000000080000000, 0x0000000100000000)
  region size 1024K, 80 young (81920K), 11 survivors (11264K)
 Metaspace       used 67385K, committed 68096K, reserved 491520K
  class space    used 9512K, committed 9856K, reserved 425984K
}
Event: 27.646 GC heap after
{Heap after GC invocations=22 (full 0):
 garbage-first heap   total 178176K, used 71410K [0x0000000080000000, 0x0000000100000000)
  region size 1024K, 10 young (10240K), 10 survivors (10240K)
 Metaspace       used 67385K, committed 68096K, reserved 491520K
  class space    used 9512K, committed 9856K, reserved 425984K
}
Event: 28.248 GC heap before
{Heap before GC invocations=22 (full 0):
 garbage-first heap   total 178176K, used 80626K [0x0000000080000000, 0x0000000100000000)
  region size 1024K, 20 young (20480K), 10 survivors (10240K)
 Metaspace       used 68424K, committed 69120K, reserved 491520K
  class space    used 9703K, committed 10048K, reserved 425984K
}
Event: 28.263 GC heap after
{Heap after GC invocations=23 (full 0):
 garbage-first heap   total 178176K, used 72997K [0x0000000080000000, 0x0000000100000000)
  region size 1024K, 2 young (2048K), 2 survivors (2048K)
 Metaspace       used 68424K, committed 69120K, reserved 491520K
  class space    used 9703K, committed 10048K, reserved 425984K
}
Event: 30.284 GC heap before
{Heap before GC invocations=24 (full 0):
 garbage-first heap   total 178176K, used 136485K [0x0000000080000000, 0x0000000100000000)
  region size 1024K, 65 young (66560K), 2 survivors (2048K)
 Metaspace       used 70925K, committed 71744K, reserved 491520K
  class space    used 10084K, committed 10496K, reserved 425984K
}
Event: 30.306 GC heap after
{Heap after GC invocations=25 (full 0):
 garbage-first heap   total 178176K, used 79650K [0x0000000080000000, 0x0000000100000000)
  region size 1024K, 9 young (9216K), 9 survivors (9216K)
 Metaspace       used 70925K, committed 71744K, reserved 491520K
  class space    used 10084K, committed 10496K, reserved 425984K
}
Event: 31.979 GC heap before
{Heap before GC invocations=26 (full 0):
 garbage-first heap   total 178176K, used 136994K [0x0000000080000000, 0x0000000100000000)
  region size 1024K, 66 young (67584K), 9 survivors (9216K)
 Metaspace       used 71459K, committed 72320K, reserved 491520K
  class space    used 10089K, committed 10496K, reserved 425984K
}
Event: 31.995 GC heap after
{Heap after GC invocations=27 (full 0):
 garbage-first heap   total 178176K, used 82562K [0x0000000080000000, 0x0000000100000000)
  region size 1024K, 6 young (6144K), 6 survivors (6144K)
 Metaspace       used 71459K, committed 72320K, reserved 491520K
  class space    used 10089K, committed 10496K, reserved 425984K
}
Event: 32.024 GC heap before
{Heap before GC invocations=27 (full 0):
 garbage-first heap   total 178176K, used 84610K [0x0000000080000000, 0x0000000100000000)
  region size 1024K, 8 young (8192K), 6 survivors (6144K)
 Metaspace       used 71459K, committed 72320K, reserved 491520K
  class space    used 10089K, committed 10496K, reserved 425984K
}
Event: 32.032 GC heap after
{Heap after GC invocations=28 (full 0):
 garbage-first heap   total 178176K, used 81920K [0x0000000080000000, 0x0000000100000000)
  region size 1024K, 1 young (1024K), 1 survivors (1024K)
 Metaspace       used 71459K, committed 72320K, reserved 491520K
  class space    used 10089K, committed 10496K, reserved 425984K
}
Event: 32.749 GC heap before
{Heap before GC invocations=28 (full 0):
 garbage-first heap   total 178176K, used 140288K [0x0000000080000000, 0x0000000100000000)
  region size 1024K, 58 young (59392K), 1 survivors (1024K)
 Metaspace       used 71468K, committed 72320K, reserved 491520K
  class space    used 10089K, committed 10496K, reserved 425984K
}
Event: 32.756 GC heap after
{Heap after GC invocations=29 (full 0):
 garbage-first heap   total 178176K, used 84470K [0x0000000080000000, 0x0000000100000000)
  region size 1024K, 4 young (4096K), 4 survivors (4096K)
 Metaspace       used 71468K, committed 72320K, reserved 491520K
  class space    used 10089K, committed 10496K, reserved 425984K
}

